<?xml version="1.0" encoding="UTF-8"?>
<testsuite xmlns:xsi="http://www.w3.org/2001/XMLSchema-instance" xsi:noNamespaceSchemaLocation="https://maven.apache.org/surefire/maven-surefire-plugin/xsd/surefire-test-report-3.0.xsd" version="3.0" name="com.queuemanagementsystem.QueueManagementSystemApplicationTests" time="13.326" tests="1" errors="0" skipped="0" failures="0">
  <properties>
[...]
</properties>
  <testcase name="contextLoads" classname="com.queuemanagementsystem.QueueManagementSystemApplicationTests" time="1.216">
    <system-out><![CDATA[13:28:31.364 [main] INFO org.springframework.test.context.support.AnnotationConfigContextLoaderUtils -- Could not detect default configuration classes for test class [com.queuemanagementsystem.QueueManagementSystemApplicationTests]: QueueManagementSystemApplicationTests does not declare any static, non-private, non-final, nested classes annotated with @Configuration.
13:28:31.579 [main] INFO org.springframework.boot.test.context.SpringBootTestContextBootstrapper -- Found @SpringBootConfiguration com.queuemanagementsystem.QueueManagementSystemApplication for test class com.queuemanagementsystem.QueueManagementSystemApplicationTests

  .   ____          _            __ _ _
 /\\ / ___'_ __ _ _(_)_ __  __ _ \ \ \ \
( ( )\___ | '_ | '_| | '_ \/ _` | \ \ \ \
 \\/  ___)| |_)| | | | | || (_| |  ) ) ) )
  '  |____| .__|_| |_|_| |_\__, | / / / /
 =========|_|==============|___/=/_/_/_/
 :: Spring Boot ::                (v3.1.5)

2023-11-07T13:28:32.447+05:30  INFO 13272 --- [           main] .q.QueueManagementSystemApplicationTests : Starting QueueManagementSystemApplicationTests using Java 17.0.7 with PID 13272 (started by USER in D:\Workspaces\PracticeJava\Hackathon\QueueManagementSystem)
2023-11-07T13:28:32.451+05:30  INFO 13272 --- [           main] .q.QueueManagementSystemApplicationTests : No active profile set, falling back to 1 default profile: "default"
2023-11-07T13:28:33.398+05:30  INFO 13272 --- [           main] .s.d.r.c.RepositoryConfigurationDelegate : Multiple Spring Data modules found, entering strict repository configuration mode
2023-11-07T13:28:33.398+05:30  INFO 13272 --- [           main] .s.d.r.c.RepositoryConfigurationDelegate : Bootstrapping Spring Data JPA repositories in DEFAULT mode.
2023-11-07T13:28:33.583+05:30  INFO 13272 --- [           main] .s.d.r.c.RepositoryConfigurationDelegate : Finished Spring Data repository scanning in 165 ms. Found 6 JPA repository interfaces.
2023-11-07T13:28:34.062+05:30  INFO 13272 --- [           main] .s.d.r.c.RepositoryConfigurationDelegate : Multiple Spring Data modules found, entering strict repository configuration mode
2023-11-07T13:28:34.062+05:30  INFO 13272 --- [           main] .s.d.r.c.RepositoryConfigurationDelegate : Bootstrapping Spring Data JDBC repositories in DEFAULT mode.
2023-11-07T13:28:34.095+05:30  INFO 13272 --- [           main] .RepositoryConfigurationExtensionSupport : Spring Data JDBC - Could not safely identify store assignment for repository candidate interface com.queuemanagementsystem.Repository.EndUserRepo; If you want this repository to be a JDBC repository, consider annotating your entities with one of these annotations: org.springframework.data.relational.core.mapping.Table.
2023-11-07T13:28:34.096+05:30  INFO 13272 --- [           main] .RepositoryConfigurationExtensionSupport : Spring Data JDBC - Could not safely identify store assignment for repository candidate interface com.queuemanagementsystem.Repository.GroupRepo; If you want this repository to be a JDBC repository, consider annotating your entities with one of these annotations: org.springframework.data.relational.core.mapping.Table.
2023-11-07T13:28:34.097+05:30  INFO 13272 --- [           main] .RepositoryConfigurationExtensionSupport : Spring Data JDBC - Could not safely identify store assignment for repository candidate interface com.queuemanagementsystem.Repository.OrganizationQueueRepo; If you want this repository to be a JDBC repository, consider annotating your entities with one of these annotations: org.springframework.data.relational.core.mapping.Table.
2023-11-07T13:28:34.099+05:30  INFO 13272 --- [           main] .RepositoryConfigurationExtensionSupport : Spring Data JDBC - Could not safely identify store assignment for repository candidate interface com.queuemanagementsystem.Repository.RealtimeQueueRepo; If you want this repository to be a JDBC repository, consider annotating your entities with one of these annotations: org.springframework.data.relational.core.mapping.Table.
2023-11-07T13:28:34.101+05:30  INFO 13272 --- [           main] .RepositoryConfigurationExtensionSupport : Spring Data JDBC - Could not safely identify store assignment for repository candidate interface com.queuemanagementsystem.Repository.RegistrationRepo; If you want this repository to be a JDBC repository, consider annotating your entities with one of these annotations: org.springframework.data.relational.core.mapping.Table.
2023-11-07T13:28:34.103+05:30  INFO 13272 --- [           main] .RepositoryConfigurationExtensionSupport : Spring Data JDBC - Could not safely identify store assignment for repository candidate interface com.queuemanagementsystem.Repository.subGroupRepo; If you want this repository to be a JDBC repository, consider annotating your entities with one of these annotations: org.springframework.data.relational.core.mapping.Table.
2023-11-07T13:28:34.103+05:30  INFO 13272 --- [           main] .s.d.r.c.RepositoryConfigurationDelegate : Finished Spring Data repository scanning in 40 ms. Found 0 JDBC repository interfaces.
2023-11-07T13:28:35.293+05:30  INFO 13272 --- [           main] com.zaxxer.hikari.HikariDataSource       : HikariPool-1 - Starting...
2023-11-07T13:28:35.773+05:30  INFO 13272 --- [           main] com.zaxxer.hikari.pool.HikariPool        : HikariPool-1 - Added connection org.postgresql.jdbc.PgConnection@6fa2448b
2023-11-07T13:28:35.777+05:30  INFO 13272 --- [           main] com.zaxxer.hikari.HikariDataSource       : HikariPool-1 - Start completed.
2023-11-07T13:28:35.871+05:30  INFO 13272 --- [           main] o.hibernate.jpa.internal.util.LogHelper  : HHH000204: Processing PersistenceUnitInfo [name: default]
2023-11-07T13:28:35.998+05:30  INFO 13272 --- [           main] org.hibernate.Version                    : HHH000412: Hibernate ORM core version 6.2.13.Final
2023-11-07T13:28:36.005+05:30  INFO 13272 --- [           main] org.hibernate.cfg.Environment            : HHH000406: Using bytecode reflection optimizer
2023-11-07T13:28:36.900+05:30  INFO 13272 --- [           main] o.s.o.j.p.SpringPersistenceUnitInfo      : No LoadTimeWeaver setup: ignoring JPA class transformer
2023-11-07T13:28:37.058+05:30  WARN 13272 --- [           main] org.hibernate.orm.deprecation            : HHH90000025: PostgreSQLDialect does not need to be specified explicitly using 'hibernate.dialect' (remove the property setting and it will be selected by default)
2023-11-07T13:28:39.013+05:30  INFO 13272 --- [           main] o.h.e.t.j.p.i.JtaPlatformInitiator       : HHH000489: No JTA platform available (set 'hibernate.transaction.jta.platform' to enable JTA platform integration)
2023-11-07T13:28:39.018+05:30  INFO 13272 --- [           main] j.LocalContainerEntityManagerFactoryBean : Initialized JPA EntityManagerFactory for persistence unit 'default'
2023-11-07T13:28:39.930+05:30  INFO 13272 --- [           main] o.s.d.j.r.query.QueryEnhancerFactory     : Hibernate is in classpath; If applicable, HQL parser will be used.
2023-11-07T13:28:40.947+05:30  INFO 13272 --- [           main] f.a.AutowiredAnnotationBeanPostProcessor : Autowired annotation is not supported on static fields: private static java.lang.String com.queuemanagementsystem.Repository.JDBCWrapper.URL
2023-11-07T13:28:40.948+05:30  INFO 13272 --- [           main] f.a.AutowiredAnnotationBeanPostProcessor : Autowired annotation is not supported on static fields: private static java.lang.String com.queuemanagementsystem.Repository.JDBCWrapper.userName
2023-11-07T13:28:40.948+05:30  INFO 13272 --- [           main] f.a.AutowiredAnnotationBeanPostProcessor : Autowired annotation is not supported on static fields: private static java.lang.String com.queuemanagementsystem.Repository.JDBCWrapper.password
2023-11-07T13:28:41.531+05:30  WARN 13272 --- [           main] JpaBaseConfiguration$JpaWebConfiguration : spring.jpa.open-in-view is enabled by default. Therefore, database queries may be performed during view rendering. Explicitly configure spring.jpa.open-in-view to disable this warning
2023-11-07T13:28:42.578+05:30  WARN 13272 --- [           main] .s.s.UserDetailsServiceAutoConfiguration : 

Using generated security password: 4d8028ae-f49c-43a5-89b5-cf3e2895f0c3

This generated password is for development use only. Your security configuration must be updated before running your application in production.

2023-11-07T13:28:42.945+05:30  INFO 13272 --- [           main] o.s.s.web.DefaultSecurityFilterChain     : Will secure any request with [org.springframework.security.web.session.DisableEncodeUrlFilter@70bbc163, org.springframework.security.web.context.request.async.WebAsyncManagerIntegrationFilter@3b26afbc, org.springframework.security.web.context.SecurityContextHolderFilter@7c0b83af, org.springframework.security.web.header.HeaderWriterFilter@438fcca3, org.springframework.security.web.csrf.CsrfFilter@57af157c, org.springframework.security.web.authentication.logout.LogoutFilter@3a4181ba, org.springframework.security.web.authentication.UsernamePasswordAuthenticationFilter@5af08232, org.springframework.security.web.authentication.ui.DefaultLoginPageGeneratingFilter@4ff1b0d, org.springframework.security.web.authentication.ui.DefaultLogoutPageGeneratingFilter@2ab91b65, org.springframework.security.web.authentication.www.BasicAuthenticationFilter@41e156ee, org.springframework.security.web.savedrequest.RequestCacheAwareFilter@3f1eb1bc, org.springframework.security.web.servletapi.SecurityContextHolderAwareRequestFilter@27ccf818, org.springframework.security.web.authentication.AnonymousAuthenticationFilter@3e03d75e, org.springframework.security.web.access.ExceptionTranslationFilter@6e774194, org.springframework.security.web.access.intercept.AuthorizationFilter@5c3cc103]
2023-11-07T13:28:43.049+05:30  INFO 13272 --- [           main] .q.QueueManagementSystemApplicationTests : Started QueueManagementSystemApplicationTests in 11.223 seconds (process running for 13.085)
]]></system-out>
  </testcase>
</testsuite>